{"/Users/208339/Code/create-deferred.js/lib/index.js": {"path":"/Users/208339/Code/create-deferred.js/lib/index.js","statementMap":{"0":{"start":{"line":2,"column":19},"end":{"line":6,"column":3}},"1":{"start":{"line":8,"column":2},"end":{"line":11,"column":4}},"2":{"start":{"line":9,"column":4},"end":{"line":9,"column":30}},"3":{"start":{"line":10,"column":4},"end":{"line":10,"column":28}},"4":{"start":{"line":13,"column":2},"end":{"line":13,"column":17}},"5":{"start":{"line":16,"column":0},"end":{"line":16,"column":31}}},"fnMap":{"0":{"name":"createDeferred","decl":{"start":{"line":1,"column":9},"end":{"line":1,"column":23}},"loc":{"start":{"line":1,"column":26},"end":{"line":14,"column":1}},"line":1},"1":{"name":"(anonymous_1)","decl":{"start":{"line":8,"column":33},"end":{"line":8,"column":34}},"loc":{"start":{"line":8,"column":54},"end":{"line":11,"column":3}},"line":8}},"branchMap":{},"s":{"0":3,"1":3,"2":3,"3":3,"4":3,"5":1},"f":{"0":3,"1":3},"b":{},"_coverageSchema":"332fd63041d2c1bcb487cc26dd0d5f7d97098a6c","hash":"98634c1d657408b3a2828d24a399c7014fa093e3"}
}
